c:\users\500189222\desktop\coursework\lab1\debug\vc142.pdb
c:\users\500189222\desktop\coursework\lab1\debug\vc142.idb
c:\users\500189222\desktop\coursework\lab1\debug\texture.obj
c:\users\500189222\desktop\coursework\lab1\debug\shader.obj
c:\users\500189222\desktop\coursework\lab1\debug\obj_loader.obj
c:\users\500189222\desktop\coursework\lab1\debug\mesh.obj
c:\users\500189222\desktop\coursework\lab1\debug\maingame.obj
c:\users\500189222\desktop\coursework\lab1\debug\main.obj
c:\users\500189222\desktop\coursework\lab1\debug\display.obj
c:\users\500189222\desktop\coursework\lab1\debug\audio.obj
c:\users\500189222\desktop\coursework\lab1\debug\stb_image.obj
c:\users\500189222\desktop\coursework\debug\coursework.exe
c:\users\500189222\desktop\coursework\debug\coursework.ilk
c:\users\500189222\desktop\coursework\debug\coursework.pdb
c:\users\500189222\desktop\coursework\lab1\debug\coursework.tlog\cl.command.1.tlog
c:\users\500189222\desktop\coursework\lab1\debug\coursework.tlog\cl.read.1.tlog
c:\users\500189222\desktop\coursework\lab1\debug\coursework.tlog\cl.write.1.tlog
c:\users\500189222\desktop\coursework\lab1\debug\coursework.tlog\link.command.1.tlog
c:\users\500189222\desktop\coursework\lab1\debug\coursework.tlog\link.read.1.tlog
c:\users\500189222\desktop\coursework\lab1\debug\coursework.tlog\link.write.1.tlog
